Determining if the pthread_create exist failed with the following output:
Change Dir: /home/muhammed/Videolar/turtlebot_master/build/CMakeFiles/CMakeTmp

Run Build Command:"/usr/bin/make" "cmTC_9a434/fast"
/usr/bin/make -f CMakeFiles/cmTC_9a434.dir/build.make CMakeFiles/cmTC_9a434.dir/build
make[1]: Entering directory '/home/muhammed/Videolar/turtlebot_master/build/CMakeFiles/CMakeTmp'
Building C object CMakeFiles/cmTC_9a434.dir/CheckSymbolExists.c.o
/usr/bin/cc     -o CMakeFiles/cmTC_9a434.dir/CheckSymbolExists.c.o   -c /home/muhammed/Videolar/turtlebot_master/build/CMakeFiles/CMakeTmp/CheckSymbolExists.c
Linking C executable cmTC_9a434
/usr/bin/cmake -E cmake_link_script CMakeFiles/cmTC_9a434.dir/link.txt --verbose=1
/usr/bin/cc       CMakeFiles/cmTC_9a434.dir/CheckSymbolExists.c.o  -o cmTC_9a434 -rdynamic 
CMakeFiles/cmTC_9a434.dir/CheckSymbolExists.c.o: In function `main':
CheckSymbolExists.c:(.text+0x16): undefined reference to `pthread_create'
collect2: error: ld returned 1 exit status
CMakeFiles/cmTC_9a434.dir/build.make:97: recipe for target 'cmTC_9a434' failed
make[1]: *** [cmTC_9a434] Error 1
make[1]: Leaving directory '/home/muhammed/Videolar/turtlebot_master/build/CMakeFiles/CMakeTmp'
Makefile:126: recipe for target 'cmTC_9a434/fast' failed
make: *** [cmTC_9a434/fast] Error 2

File /home/muhammed/Videolar/turtlebot_master/build/CMakeFiles/CMakeTmp/CheckSymbolExists.c:
/* */
#include <pthread.h>

int main(int argc, char** argv)
{
  (void)argv;
#ifndef pthread_create
  return ((int*)(&pthread_create))[argc];
#else
  (void)argc;
  return 0;
#endif
}

Determining if the function pthread_create exists in the pthreads failed with the following output:
Change Dir: /home/muhammed/Videolar/turtlebot_master/build/CMakeFiles/CMakeTmp

Run Build Command:"/usr/bin/make" "cmTC_37616/fast"
/usr/bin/make -f CMakeFiles/cmTC_37616.dir/build.make CMakeFiles/cmTC_37616.dir/build
make[1]: Entering directory '/home/muhammed/Videolar/turtlebot_master/build/CMakeFiles/CMakeTmp'
Building C object CMakeFiles/cmTC_37616.dir/CheckFunctionExists.c.o
/usr/bin/cc    -DCHECK_FUNCTION_EXISTS=pthread_create   -o CMakeFiles/cmTC_37616.dir/CheckFunctionExists.c.o   -c /usr/share/cmake-3.5/Modules/CheckFunctionExists.c
Linking C executable cmTC_37616
/usr/bin/cmake -E cmake_link_script CMakeFiles/cmTC_37616.dir/link.txt --verbose=1
/usr/bin/cc   -DCHECK_FUNCTION_EXISTS=pthread_create    CMakeFiles/cmTC_37616.dir/CheckFunctionExists.c.o  -o cmTC_37616 -rdynamic -lpthreads 
/usr/bin/ld: cannot find -lpthreads
collect2: error: ld returned 1 exit status
CMakeFiles/cmTC_37616.dir/build.make:97: recipe for target 'cmTC_37616' failed
make[1]: *** [cmTC_37616] Error 1
make[1]: Leaving directory '/home/muhammed/Videolar/turtlebot_master/build/CMakeFiles/CMakeTmp'
Makefile:126: recipe for target 'cmTC_37616/fast' failed
make: *** [cmTC_37616/fast] Error 2


